<?xml version="1.0" encoding="UTF-8"?>
<testsuite xmlns:xsi="http://www.w3.org/2001/XMLSchema-instance" xsi:noNamespaceSchemaLocation="https://maven.apache.org/surefire/maven-surefire-plugin/xsd/surefire-test-report.xsd" name="js.wood.unit.ResourcesTest" time="0.002" tests="27" errors="0" skipped="0" failures="0">
  <properties>
    <property name="sun.desktop" value="windows"/>
    <property name="awt.toolkit" value="sun.awt.windows.WToolkit"/>
    <property name="file.encoding.pkg" value="sun.io"/>
    <property name="java.specification.version" value="1.8"/>
    <property name="sun.cpu.isalist" value="amd64"/>
    <property name="sun.jnu.encoding" value="Cp1252"/>
    <property name="java.class.path" value="D:\docs\workspaces\js-lib\tools\wood\wood\target\test-classes;D:\docs\workspaces\js-lib\tools\wood\wood\target\classes;C:\Users\DEV\.m2\repository\com\js-lib\tiny-container\1.2.0\tiny-container-1.2.0.jar;C:\Users\DEV\.m2\repository\com\js-lib\js-commons\1.2.0\js-commons-1.2.0.jar;C:\Users\DEV\.m2\repository\com\js-lib\js-dom-api\1.0\js-dom-api-1.0.jar;C:\Users\DEV\.m2\repository\com\js-lib\js-transaction-api\1.1\js-transaction-api-1.1.jar;C:\Users\DEV\.m2\repository\com\js-lib\js-json-api\1.0\js-json-api-1.0.jar;C:\Users\DEV\.m2\repository\com\js-lib\js-template-api\1.0\js-template-api-1.0.jar;C:\Users\DEV\.m2\repository\com\js-lib\js-net-client\1.0.1\js-net-client-1.0.1.jar;C:\Users\DEV\.m2\repository\com\js-lib\js-json\1.0.2\js-json-1.0.2.jar;C:\Users\DEV\.m2\repository\commons-fileupload\commons-fileupload\1.3.3\commons-fileupload-1.3.3.jar;C:\Users\DEV\.m2\repository\commons-io\commons-io\2.2\commons-io-2.2.jar;C:\Users\DEV\.m2\repository\com\js-lib\js-dom\1.0.1\js-dom-1.0.1.jar;C:\Users\DEV\.m2\repository\nekohtml\nekohtml\1.9.6.2\nekohtml-1.9.6.2.jar;C:\Users\DEV\.m2\repository\xerces\xercesImpl\2.8.1\xercesImpl-2.8.1.jar;C:\Users\DEV\.m2\repository\xml-apis\xml-apis\1.3.03\xml-apis-1.3.03.jar;C:\Users\DEV\.m2\repository\javax\servlet\javax.servlet-api\3.1.0\javax.servlet-api-3.1.0.jar;C:\Users\DEV\.m2\repository\org\mozilla\rhino\1.7R4\rhino-1.7R4.jar;C:\Users\DEV\.m2\repository\junit\junit\4.12\junit-4.12.jar;C:\Users\DEV\.m2\repository\org\hamcrest\hamcrest-core\1.3\hamcrest-core-1.3.jar;"/>
    <property name="java.vm.vendor" value="Oracle Corporation"/>
    <property name="sun.arch.data.model" value="64"/>
    <property name="user.variant" value=""/>
    <property name="java.vendor.url" value="http://java.oracle.com/"/>
    <property name="user.timezone" value="Europe/Athens"/>
    <property name="java.vm.specification.version" value="1.8"/>
    <property name="os.name" value="Windows 10"/>
    <property name="user.country" value="US"/>
    <property name="sun.java.launcher" value="SUN_STANDARD"/>
    <property name="sun.boot.library.path" value="D:\java\jdk1.8.0_161\jre\bin"/>
    <property name="sun.java.command" value="C:\Users\DEV\AppData\Local\Temp\surefire889922808064600981\surefirebooter6728095726300046347.jar C:\Users\DEV\AppData\Local\Temp\surefire889922808064600981 2019-02-28T10-57-42_826-jvmRun1 surefire8478989621467616270tmp surefire_03980407337564728325tmp"/>
    <property name="surefire.test.class.path" value="D:\docs\workspaces\js-lib\tools\wood\wood\target\test-classes;D:\docs\workspaces\js-lib\tools\wood\wood\target\classes;C:\Users\DEV\.m2\repository\com\js-lib\tiny-container\1.2.0\tiny-container-1.2.0.jar;C:\Users\DEV\.m2\repository\com\js-lib\js-commons\1.2.0\js-commons-1.2.0.jar;C:\Users\DEV\.m2\repository\com\js-lib\js-dom-api\1.0\js-dom-api-1.0.jar;C:\Users\DEV\.m2\repository\com\js-lib\js-transaction-api\1.1\js-transaction-api-1.1.jar;C:\Users\DEV\.m2\repository\com\js-lib\js-json-api\1.0\js-json-api-1.0.jar;C:\Users\DEV\.m2\repository\com\js-lib\js-template-api\1.0\js-template-api-1.0.jar;C:\Users\DEV\.m2\repository\com\js-lib\js-net-client\1.0.1\js-net-client-1.0.1.jar;C:\Users\DEV\.m2\repository\com\js-lib\js-json\1.0.2\js-json-1.0.2.jar;C:\Users\DEV\.m2\repository\commons-fileupload\commons-fileupload\1.3.3\commons-fileupload-1.3.3.jar;C:\Users\DEV\.m2\repository\commons-io\commons-io\2.2\commons-io-2.2.jar;C:\Users\DEV\.m2\repository\com\js-lib\js-dom\1.0.1\js-dom-1.0.1.jar;C:\Users\DEV\.m2\repository\nekohtml\nekohtml\1.9.6.2\nekohtml-1.9.6.2.jar;C:\Users\DEV\.m2\repository\xerces\xercesImpl\2.8.1\xercesImpl-2.8.1.jar;C:\Users\DEV\.m2\repository\xml-apis\xml-apis\1.3.03\xml-apis-1.3.03.jar;C:\Users\DEV\.m2\repository\javax\servlet\javax.servlet-api\3.1.0\javax.servlet-api-3.1.0.jar;C:\Users\DEV\.m2\repository\org\mozilla\rhino\1.7R4\rhino-1.7R4.jar;C:\Users\DEV\.m2\repository\junit\junit\4.12\junit-4.12.jar;C:\Users\DEV\.m2\repository\org\hamcrest\hamcrest-core\1.3\hamcrest-core-1.3.jar;"/>
    <property name="sun.cpu.endian" value="little"/>
    <property name="user.home" value="C:\Users\DEV"/>
    <property name="user.language" value="en"/>
    <property name="java.specification.vendor" value="Oracle Corporation"/>
    <property name="java.home" value="D:\java\jdk1.8.0_161\jre"/>
    <property name="basedir" value="D:\docs\workspaces\js-lib\tools\wood\wood"/>
    <property name="file.separator" value="\"/>
    <property name="line.separator" value="&#10;"/>
    <property name="java.vm.specification.vendor" value="Oracle Corporation"/>
    <property name="java.specification.name" value="Java Platform API Specification"/>
    <property name="java.awt.graphicsenv" value="sun.awt.Win32GraphicsEnvironment"/>
    <property name="surefire.real.class.path" value="C:\Users\DEV\AppData\Local\Temp\surefire889922808064600981\surefirebooter6728095726300046347.jar"/>
    <property name="sun.boot.class.path" value="D:\java\jdk1.8.0_161\jre\lib\resources.jar;D:\java\jdk1.8.0_161\jre\lib\rt.jar;D:\java\jdk1.8.0_161\jre\lib\sunrsasign.jar;D:\java\jdk1.8.0_161\jre\lib\jsse.jar;D:\java\jdk1.8.0_161\jre\lib\jce.jar;D:\java\jdk1.8.0_161\jre\lib\charsets.jar;D:\java\jdk1.8.0_161\jre\lib\jfr.jar;D:\java\jdk1.8.0_161\jre\classes"/>
    <property name="user.script" value=""/>
    <property name="sun.management.compiler" value="HotSpot 64-Bit Tiered Compilers"/>
    <property name="java.runtime.version" value="1.8.0_161-b12"/>
    <property name="user.name" value="Iulian Rotaru"/>
    <property name="path.separator" value=";"/>
    <property name="os.version" value="10.0"/>
    <property name="java.endorsed.dirs" value="D:\java\jdk1.8.0_161\jre\lib\endorsed"/>
    <property name="java.runtime.name" value="Java(TM) SE Runtime Environment"/>
    <property name="file.encoding" value="UTF-8"/>
    <property name="java.vm.name" value="Java HotSpot(TM) 64-Bit Server VM"/>
    <property name="localRepository" value="C:\Users\DEV\.m2\repository"/>
    <property name="java.vendor.url.bug" value="http://bugreport.sun.com/bugreport/"/>
    <property name="java.io.tmpdir" value="C:\Users\DEV\AppData\Local\Temp\"/>
    <property name="java.version" value="1.8.0_161"/>
    <property name="user.dir" value="D:\docs\workspaces\js-lib\tools\wood\wood"/>
    <property name="os.arch" value="amd64"/>
    <property name="java.vm.specification.name" value="Java Virtual Machine Specification"/>
    <property name="java.awt.printerjob" value="sun.awt.windows.WPrinterJob"/>
    <property name="sun.os.patch.level" value=""/>
    <property name="java.library.path" value="D:\java\jdk1.8.0_161\jre\bin;C:\WINDOWS\Sun\Java\bin;C:\WINDOWS\system32;C:\WINDOWS;C:\ffmpeg;D:\Python37\Scripts\;D:\Python37\;C:\Program Files\ImageMagick-6.9.9-Q16-HDRI;C:\Program Files\CollabNet\Subversion Client;C:\Program Files (x86)\NVIDIA Corporation\PhysX\Common;C:\WINDOWS\system32;C:\WINDOWS;C:\WINDOWS\System32\Wbem;C:\WINDOWS\System32\WindowsPowerShell\v1.0\;C:\Program Files\MySQL\MySQL Server 5.5\bin;D:\java\apache-ant-1.9.5\bin;C:\Program Files\Git\cmd;C:\WINDOWS\System32\OpenSSH\;C:\Program Files (x86)\Gpg4win\..\GnuPG\bin;C:\Program Files (x86)\VideoLAN\VLC;D:\Python37\libs\libav-0.8.17-win64\win64\usr\bin;C:\Program Files (x86)\Microsoft Visual Studio 14.0\VC#;C:\Program Files\Microsoft VS Code\bin;C:\Program Files\Pandoc\;C:\Program Files\MiKTeX 2.9\miktex\bin\x64\;C:\Users\DEV\AppData\Local\Microsoft\WindowsApps;D:\java\jdk1.8.0_161\jre\bin;D:\java\jdk1.8.0_161\bin;C:\Program Files (x86)\mysql-5.7.22-winx64\bin;C:\Program Files (x86)\mysql-5.7.22-winx64\lib;D:\java\apache-maven-3.5.3\bin;D:\java\apache-ant-1.9.5\bin;C:\Program Files (x86)\Oracle SQL Plus;;."/>
    <property name="java.vm.info" value="mixed mode"/>
    <property name="java.vendor" value="Oracle Corporation"/>
    <property name="java.vm.version" value="25.161-b12"/>
    <property name="java.ext.dirs" value="D:\java\jdk1.8.0_161\jre\lib\ext;C:\WINDOWS\Sun\Java\lib\ext"/>
    <property name="sun.io.unicode.encoding" value="UnicodeLittle"/>
    <property name="java.class.version" value="52.0"/>
  </properties>
  <testcase name="sourceReaderBuilderPredicates" classname="js.wood.unit.ResourcesTest" time="0"/>
  <testcase name="sourceReaderBuilderGetReference" classname="js.wood.unit.ResourcesTest" time="0"/>
  <testcase name="variablesCircularReferences" classname="js.wood.unit.ResourcesTest" time="0"/>
  <testcase name="variablesMissingValue" classname="js.wood.unit.ResourcesTest" time="0"/>
  <testcase name="variablesBadResourceType" classname="js.wood.unit.ResourcesTest" time="0"/>
  <testcase name="sourceReaderBuilderGetExpression" classname="js.wood.unit.ResourcesTest" time="0"/>
  <testcase name="referenceParserConstructor" classname="js.wood.unit.ResourcesTest" time="0"/>
  <testcase name="valueReferencesResolverParse" classname="js.wood.unit.ResourcesTest" time="0"/>
  <testcase name="sourceReaderBuilderReferenceEndMark" classname="js.wood.unit.ResourcesTest" time="0"/>
  <testcase name="variablesLoadStyle" classname="js.wood.unit.ResourcesTest" time="0"/>
  <testcase name="sourceReaderReferenceHandler" classname="js.wood.unit.ResourcesTest" time="0"/>
  <testcase name="sourceReaderCopy" classname="js.wood.unit.ResourcesTest" time="0"/>
  <testcase name="variablesMultilanguage" classname="js.wood.unit.ResourcesTest" time="0"/>
  <testcase name="sourceReaderReaderConstructor" classname="js.wood.unit.ResourcesTest" time="0"/>
  <testcase name="variableStringWithFormattingTag" classname="js.wood.unit.ResourcesTest" time="0"/>
  <testcase name="variablesIncompleteConstructor" classname="js.wood.unit.ResourcesTest" time="0"/>
  <testcase name="referenceEquals" classname="js.wood.unit.ResourcesTest" time="0"/>
  <testcase name="variablesNestedValues" classname="js.wood.unit.ResourcesTest" time="0"/>
  <testcase name="sourceReaderFileConstructor" classname="js.wood.unit.ResourcesTest" time="0"/>
  <testcase name="sourceReaderBuilderGetParameter" classname="js.wood.unit.ResourcesTest" time="0"/>
  <testcase name="referenceIsValid" classname="js.wood.unit.ResourcesTest" time="0"/>
  <testcase name="variablesAssetConstructor" classname="js.wood.unit.ResourcesTest" time="0"/>
  <testcase name="referenceBadFormat" classname="js.wood.unit.ResourcesTest" time="0"/>
  <testcase name="referenceUnknownType" classname="js.wood.unit.ResourcesTest" time="0"/>
  <testcase name="referenceValuesConstructor" classname="js.wood.unit.ResourcesTest" time="0"/>
  <testcase name="variablesComponentConstructor" classname="js.wood.unit.ResourcesTest" time="0"/>
  <testcase name="variablesSelfReference" classname="js.wood.unit.ResourcesTest" time="0"/>
</testsuite>